[2025-12-05 02:00:15,671: INFO: main: welcome to our custom log]
[2025-12-06 16:32:52,542: INFO: common: yaml file: config/config.yaml loaded successfully]
[2025-12-06 16:32:52,545: INFO: common: yaml file: params.yaml loaded successfully]
[2025-12-06 16:32:52,546: INFO: common: created directory at: artifacts]
[2025-12-06 16:32:52,547: INFO: common: created directory at: artifacts/data_ingestion]
[2025-12-06 16:32:52,547: INFO: 1579108944: Downloading data from https://drive.google.com/file/d/1vlhZ5c7abUKF8xXERIw6m9Te8fW7ohw3/view?usp=sharing into file artifacts/data_ingestion/data.zip]
[2025-12-06 16:33:00,758: INFO: 1579108944: Downloaded data from https://drive.google.com/file/d/1vlhZ5c7abUKF8xXERIw6m9Te8fW7ohw3/view?usp=sharing into file artifacts/data_ingestion/data.zip]
[2025-12-11 16:42:17,463: INFO: main: >>>>>> stage Data Ingestion stage started <<<<<<]
[2025-12-11 16:42:17,467: INFO: common: yaml file: config/config.yaml loaded successfully]
[2025-12-11 16:42:17,468: INFO: common: yaml file: params.yaml loaded successfully]
[2025-12-11 16:42:17,468: INFO: common: created directory at: artifacts]
[2025-12-11 16:42:17,468: INFO: common: created directory at: artifacts/data_ingestion]
[2025-12-11 16:42:17,468: INFO: data_ingestion: Downloading data from https://drive.google.com/file/d/1vlhZ5c7abUKF8xXERIw6m9Te8fW7ohw3/view?usp=sharing into file artifacts/data_ingestion/data.zip]
[2025-12-11 16:42:26,466: INFO: data_ingestion: Downloaded data from https://drive.google.com/file/d/1vlhZ5c7abUKF8xXERIw6m9Te8fW7ohw3/view?usp=sharing into file artifacts/data_ingestion/data.zip]
[2025-12-11 16:42:26,791: INFO: main: >>>>>> stage Data Ingestion stage completed <<<<<<

x==========x]
[2025-12-12 10:19:49,222: INFO: common: yaml file: config/config.yaml loaded successfully]
[2025-12-12 10:19:49,225: INFO: common: yaml file: params.yaml loaded successfully]
[2025-12-12 10:19:49,226: INFO: common: created directory at: artifacts]
[2025-12-12 10:19:49,227: INFO: common: created directory at: artifacts/prepare_base_model]
[2025-12-12 10:19:50,327: WARNING: saving_utils: Compiled the loaded model, but the compiled metrics have yet to be built. `model.compile_metrics` will be empty until you train or evaluate the model.]
[2025-12-12 10:59:39,323: INFO: main: >>>>>> stage Data Ingestion stage started <<<<<<]
[2025-12-12 10:59:39,324: INFO: common: yaml file: config/config.yaml loaded successfully]
[2025-12-12 10:59:39,325: INFO: common: yaml file: params.yaml loaded successfully]
[2025-12-12 10:59:39,325: INFO: common: created directory at: artifacts]
[2025-12-12 10:59:39,326: INFO: common: created directory at: artifacts/data_ingestion]
[2025-12-12 10:59:39,326: INFO: data_ingestion: Downloading data from https://drive.google.com/file/d/1vlhZ5c7abUKF8xXERIw6m9Te8fW7ohw3/view?usp=sharing into file artifacts/data_ingestion/data.zip]
[2025-12-12 10:59:48,083: INFO: data_ingestion: Downloaded data from https://drive.google.com/file/d/1vlhZ5c7abUKF8xXERIw6m9Te8fW7ohw3/view?usp=sharing into file artifacts/data_ingestion/data.zip]
[2025-12-12 10:59:48,389: INFO: main: >>>>>> stage Data Ingestion stage completed <<<<<<

x==========x]
[2025-12-12 10:59:48,389: INFO: main: *******************]
[2025-12-12 10:59:48,389: INFO: main: >>>>>> stage Prepare base model started <<<<<<]
[2025-12-12 10:59:48,390: INFO: common: yaml file: config/config.yaml loaded successfully]
[2025-12-12 10:59:48,391: INFO: common: yaml file: params.yaml loaded successfully]
[2025-12-12 10:59:48,391: INFO: common: created directory at: artifacts]
[2025-12-12 10:59:48,391: INFO: common: created directory at: artifacts/prepare_base_model]
[2025-12-12 10:59:48,857: WARNING: saving_utils: Compiled the loaded model, but the compiled metrics have yet to be built. `model.compile_metrics` will be empty until you train or evaluate the model.]
[2025-12-12 10:59:49,014: INFO: main: >>>>>> stage Prepare base model completed <<<<<<

x==========x]
